  Building Custom Rule C:/Users/user/Desktop/OGL_Indexno2/OGL_Indexno/libs/assimp/contrib/zlib/CMakeLists.txt
  CMake does not need to re-run because C:/Users/user/Desktop/OGL_Indexno2/OGL_Indexno/libs/assimp/build/contrib/zlib/CMakeFiles/generate.stamp is up-to-date.
  adler32.c
  compress.c
  crc32.c
  deflate.c
  gzclose.c
  gzlib.c
  gzread.c
  gzwrite.c
  inflate.c
  infback.c
  inftrees.c
  inffast.c
  trees.c
  uncompr.c
  zutil.c
     Creating library C:/Users/user/Desktop/OGL_Indexno2/OGL_Indexno/libs/assimp/build/contrib/zlib/Debug/zlibd.lib and object C:/Users/user/Desktop/OGL_Indexno2/OGL_Indexno/libs/assimp/build/contrib/zlib/Debug/zlibd.exp
  zlib.vcxproj -> C:\Users\user\Desktop\OGL_Indexno2\OGL_Indexno\libs\assimp\build\contrib\zlib\Debug\zlibd.dll
  zlib.vcxproj -> C:/Users/user/Desktop/OGL_Indexno2/OGL_Indexno/libs/assimp/build/contrib/zlib/Debug/zlibd.pdb (Full PDB)
